331
335
345
334
340
339
335
344
337
344
340
341
348
351
358
355
367
366
356
345
337
334
326
331
328
330
334
329
337
333
340
337
340
335
345
334
340
339
335
344
337
344
340
341
348
351
358
355
367
366
356
345
337
334
326
331
328
330
334
329
337
333
326
336
328
333
330
332
335
331
340
332
338
334
333
337
330
340
334
339
338
336
342
334
343
336
337
339
335
342
333
341
335
338
341
337
344
339
355
357
357
366
367
366
344
344
336
331
335
326
334
329
334
329
329
336
329
342
339
358
504
523
313
182
222
239
294
343
347
353
346
359
355
360
365
360
370
363
372
372
373
381
377
386
383
397
399
405
415
413
425
417
418
405
388
377
352
351
331
330
325
323
326
316
326
319
326
326
323
332
324
334
328
329
331
327
334
328
335
330
330
333
325
335
326
332
329
328
332
326
333
325
330
328
328
333
326
334
327
332
332
330
335
327
336
329
332
332
327
336
327
334
330
333
337
343
355
348
362
361
353
344
332
335
322
328
324
325
330
322
330
323
329
329
331
340
340
463
524
331
209
196
239
256
325
344
347
351
351
358
352
362
359
361
362
359
368
364
375
375
380
385
385
400
397
408
408
412
417
407
403
377
364
346
330
329
319
322
315
316
313
310
316
308
315
311
315
315
315
323
315
323
319
323
324
318
326
318
324
320
319
324
318
325
318
326
321
322
327
319
328
320
328
323
321
328
325
331
324
329
330
327
333
326
334
329
331
334
329
337
328
335
328
331
332
326
335
328
333
336
347
354
350
365
360
355
344
337
336
325
334
326
333
330
329
335
329
339
333
342
348
367
534
511
287
181
225
242
296
350
350
359
356
360
364
362
372
364
376
374
374
377
374
391
384
393
398
396
408
407
420
417
424
422
416
411
386
373
352
343
334
325
330
317
327
321
325
325
317
326
322
330
327
327
332
327
337
330
337
333
335
337
329
339
329
337
334
330
338
330
337
328
331
331
331
338
331
341
335
337
337
335
345
336
343
338
341
345
336
348
338
342
340
340
344
339
348
343
356
357
360
370
367
363
344
345
335
330
335
326
336
327
334
332
330
337
331
337
336
346
438
535
355
228
216
238
253
316
343
354
346
358
353
356
359
356
367
358
367
367
368
376
372
385
384
392
396
405
412
408
421
417
419
408
388
375
351
348
330
328
326
318
324
315
323
318
320
321
319
329
321
331
325
327
330
325
333
323
332
327
328
333
325
332
327
332
331
329
337
329
335
330
334
332
334
337
331
341
335
339
342
338
343
337
342
340
347
348
344
351
342
348
341
343
344
341
347
339
345
341
340
345
336
344
339
343
340
348
360
352
362
362
365
349
338
340
328
331
324
327
328
324
327
321
331
325
330
333
335
383
548
480
240
174
226
235
306
334
342
338
346
351
347
355
350
357
357
358
365
361
372
368
376
377
381
394
392
406
403
411
414
412
412
390
379
355
345
333
321
325
312
318
312
312
314
307
315
306
313
311
312
317
311
321
316
323
319
318
325
319
328
320
324
323
322
330
322
329
322
326
328
325
331
323
332
326
327
332
328
335
326
335
331
331
333
329
337
326
335
332
332
339
332
340
333
338
336
335
340
333
341
334
339
336
334
346
348
359
352
362
370
356
354
339
340
332
333
335
332
339
329
337
335
337
343
340
352
353
498
504
311
223
218
255
271
334
353
349
357
350
359
358
361
363
360
369
363
373
372
377
381
380
396
390
401
401
410
418
413
423
412
407
386
369
357
339
340
326
328
325
324
326
318
328
322
329
326
324
332
324
333
326
334
333
327
337
329
335
330
332
331
328
335
326
334
328
331
334
328
337
327
336
332
333
337
331
341
332
337
338
336
341
333
339
334
341
338
338
345
332
339
336
340
339
334
343
333
341
337
341
342
338
345
341
355
354
357
365
366
363
342
344
333
328
329
322
333
324
331
329
331
335
328
339
337
351
469
557
354
175
203
228
277
332
344
349
344
356
351
356
361
357
366
357
368
362
368
372
372
383
378
391
392
400
407
405
417
408
413
402
387
370
344
343
323
323
319
313
318
309
317
311
316
316
317
323
312
320
314
318
321
316
324
315
325
320
321
323
317
326
319
325
322
319
322
319
327
318
326
323
324
330
322
331
324
330
327
324
332
324
333
327
330
332
329
334
329
337
332
334
333
330
340
331
341
336
340
340
335
343
338
354
358
353
365
363
365
346
347
338
332
336
329
337
329
335
334
334
341
333
343
344
350
445
548
374
216
208
248
266
326
347
358
350
357
356
360
363
360
368
361
371
369
372
379
373
388
383
393
398
404
415
412
422
417
420
414
394
378
354
350
335
330
327
320
331
321
322
318
322
326
323
332
326
329
322
327
335
328
336
329
338
333
331
338
332
341
332
336
333
331
338
330
339
332
336
335
330
339
332
338
334
337
337
333
341
334
342
337
338
339
336
344
334
343
338
338
343
339
358
353
361
365
368
355
338
345
328
331
331
324
330
324
336
326
332
335
332
338
338
348
427
568
402
218
203
235
262
318
353
356
348
362
358
366
364
365
368
366
376
368
379
378
379
389
385
398
395
409
411
415
425
420
427
407
397
375
351
346
330
332
322
321
322
315
322
312
319
314
320
323
319
327
320
330
326
329
330
323
336
328
332
329
329
335
323
331
327
330
328
324
328
323
333
326
331
327
326
336
327
334
327
331
331
327
332
325
336
328
328
330
327
336
326
333
332
328
335
326
332
324
333
329
331
335
338
354
338
351
359
353
344
333
332
320
324
320
317
328
316
327
323
328
328
324
339
332
384
561
465
237
169
231
241
313
341
344
348
345
357
351
357
358
360
366
361
369
364
376
375
375
384
381
395
397
406
408
412
420
414
416
394
379
361
340
336
318
321
315
314
317
312
318
312
318
317
317
318
313
324
318
323
322
321
324
317
327
319
327
322
323
326
320
327
321
325
326
319
324
320
328
320
323
326
319
328
323
329
322
325
328
326
340
321
331
322
325
338
325
335
333
346
338
339
347
343
353
346
353
351
350
355
350
354
352
367
365
362
378
377
374
354
350
348
336
342
335
343
336
337
339
340
345
336
349
343
354
519
506
316
205
226
253
282
337
346
354
345
354
357
354
360
354
365
359
364
365
365
371
366
378
377
386
388
388
406
402
411
406
407
400
371
361
336
330
321
315
317
309
318
310
313
311
311
314
315
321
313
319
319
318
330
320
334
324
327
327
324
332
321
335
329
330
332
332
339
326
338
336
338
340
336
347
337
343
341
345
346
341
353
347
355
346
347
352
347
358
348
356
355
352
360
351
357
352
358
358
350
360
349
359
356
366
372
369
379
379
376
355
355
351
341
350
336
344
338
337
346
338
342
338
345
346
354
469
566
378
188
202
240
275
341
352
355
348
361
360
357
370
360
370
364
371
375
373
379
377
387
386
395
399
398
413
409
421
415
416
407
383
370
344
336
323
317
317
308
313
303
310
306
307
314
308
317
309
319
314
315
323
308
322
319
322
320
319
326
318
324
317
317
321
318
323
314
324
316
321
324
315
323
318
327
320
319
325
320
326
319
324
322
321
326
319
330
323
328
323
320
330
324
329
325
326
326
320
331
321
328
325
322
325
320
330
322
334
340
341
349
347
354
334
329
313
313
315
305
311
305
310
311
307
313
306
316
307
313
354
535
467
231
148
197
223
286
316
326
319
333
328
333
339
334
342
335
345
343
348
351
347
358
357
365
369
376
386
384
398
392
396
390
377
368
339
331
315
310
305
300
307
296
300
296
300
297
295
307
300
309
307
309
311
307
317
310
315
315
317
322
310
319
312
319
316
315
321
310
318
312
317
316
316
319
311
320
312
319
321
315
323
315
322
314
317
323
318
325
315
324
320
323
327
322
330
324
334
328
328
339
340
357
351
360
362
355
351
334
338
330
339
335
335
344
336
345
341
343
344
346
354
361
524
493
308
243
226
272
285
345
361
363
369
360
373
367
376
372
375
381
376
388
384
392
388
394
400
398
413
410
421
424
426
436
424
420
397
380
368
354
353
341
345
338
343
341
336
346
336
349
342
343
346
340
351
343
351
349
349
353
347
353
345
354
348
346
353
345
353
343
349
347
345
352
344
353
345
349
350
347
351
346
357
347
347
353
349
358
349
358
352
353
355
351
359
351
360
356
354
362
366
379
370
383
384
377
368
355
357
344
351
346
345
349
341
353
344
351
348
349
359
354
437
590
445
236
192
256
270
339
361
361
359
359
368
360
370
369
370
375
369
382
372
383
384
386
392
391
408
405
413
418
420
432
418
419
396
381
363
344
338
327
331
320
323
321
317
324
318
329
323
324
328
325
336
327
337
333
332
335
330
334
329
335
331
330
335
328
333
326
332
332
329
336
326
335
332
333
334
330
337
329
336
331
337
338
334
341
333
340
335
335
340
333
341
334
341
336
337
339
338
355
350
355
363
369
357
336
342
327
332
327
324
331
321
332
324
331
328
326
336
332
346
472
534
341
190
195
234
275
325
344
346
342
353
347
355
357
360
362
358
369
362
367
370
370
380
377
389
388
397
401
404
414
406
412
392
380
364
342
340
319
321
312
312
312
308
314
308
317
312
318
320
314
324
316
325
325
325
328
319
328
321
325
322
321
325
320
326
320
325
320
320
326
320
326
322
325
325
320
331
323
328
324
329
330
327
332
325
333
329
331
332
326
337
326
336
332
333
343
344
354
351
368
356
340
342
328
328
323
329
330
322
331
324
334
328
334
335
334
342
400
574
430
227
182
230
261
309
350
347
348
356
350
362
355
361
361
365
369
366
375
371
382
383
382
392
391
407
404
416
418
415
425
406
399
374
361
344
334
333
319
323
318
320
320
317
324
316
326
321
324
328
323
332
325
333
330
331
335
326
333
326
332
330
330
332
327
336
327
334
332
332
335
327
338
330
335
334
333
338
332
340
331
336
336
335
341
334
342
337
338
340
331
343
335
340
335
335
342
334
345
339
344
353
357
360
363
373
354
347
343
334
334
329
335
329
334
332
328
335
330
338
335
337
348
480
562
347
189
196
242
286
332
353
346
354
353
356
360
356
369
359
366
369
368
377
370
382
378
389
393
396
405
403
417
412
417
415
404
391
363
355
337
330
323
316
321
314
320
313
313
318
314
323
316
324
325
326
328
323
332
324
329
327
326
333
325
332
321
328
327
323
327
320
331
321
325
325
322
330
323
327
322
326
328
325
333
323
330
325
326
329
322
329
323
332
328
325
329
327
335
326
331
329
328
332
326
335
326
332
331
327
333
322
332
326
331
332
327
334
328
333
327
341
348
341
353
354
361
340
334
331
318
329
319
324
321
323
326
321
329
326
335
333
343
492
512
327
200
207
247
269
328
339
348
341
348
350
349
357
353
362
358
363
366
364
379
370
380
380
387
394
392
405
400
410
405
404
402
382
370
346
339
328
321
324
314
318
314
318
315
315
322
316
326
320
326
325
322
332
323
331
327
328
330
323
331
323
330
325
330
332
326
332
326
334
326
331
335
327
339
329
335
332
335
339
334
344
337
342
341
342
346
341
351
343
348
348
345
352
344
352
345
350
352
349
356
345
354
352
353
355
350
357
353
359
351
355
358
352
360
352
360
356
356
361
358
376
369
376
381
376
369
353
355
340
343
344
340
345
337
347
341
345
343
341
351
348
479
580
381
196
200
251
279
341
350
349
355
353
362
355
362
362
363
369
362
372
367
377
377
377
388
389
400
397
408
411
411
419
409
410
390
373
357
340
336
319
322
314
314
312
308
316
310
317
316
316
323
319
329
322
328
325
325
328
323
332
321
327
323
323
326
317
325
319
322
325
319
323
315
322
317
321
324
321
328
320
327
321
325
328
325
332
323
332
329
327
331
324
332
325
330
329
327
334
326
334
328
334
331
328
336
329
335
328
332
332
328
335
327
336
331
336
333
332
338
331
338
334
334
336
332
339
332
340
335
333
338
337
355
349
356
360
363
355
338
340
323
325
321
321
329
324
333
330
337
338
335
343
337
450
563
386
219
198
255
264
329
352
352
356
352
364
358
369
365
365
373
365
378
372
385
384
384
393
389
404
400
412
416
418
426
419
421
403
387
368
350
346
333
337
328
330
327
323
329
321
331
330
331
334
328
340
331
339
338
336
339
336
343
336
341
336
336
339
331
339
332
339
337
337
343
331
341
334
340
340
339
345
334
341
336
338
343
340
346
339
346
341
343
348
342
347
340
350
344
347
348
340
349
340
346
343
343
349
341
346
337
342
342
339
345
338
350
340
347
347
341
350
340
346
338
341
340
342
360
350
360
361
363
351
338
340
323
331
326
327
329
322
328
324
332
328
329
335
331
435
559
385
202
181
241
251
314
331
337
336
337
342
336
348
343
346
346
344
357
351
361
358
365
372
371
384
383
395
399
402
407
398
405
383
374
354
340
333
317
319
311
314
311
309
314
310
318
310
317
318
316
324
316
327
322
325
328
323
333
323
330
326
327
329
322
332
325
331
329
328
332
330
336
326
332
330
332
336
328
331
327
338
335
330
338
332
338
333
335
337
331
338
332
341
335
336
337
335
343
333
341
337
339
343
335
343
332
341
339
341
351
348
361
361
366
350
340
339
325
333
324
327
325
324
333
322
332
327
332
336
335
394
548
420
249
209
229
242
296
332
349
345
346
350
346
358
351
361
357
357
366
362
375
367
378
380
383
393
390
406
405
413
415
414
418
396
387
360
351
341
331
333
320
327
323
325
329
322
332
322
332
326
330
335
329
338
330
339
335
335
340
335
344
334
340
337
336
343
334
344
335
339
343
338
346
338
350
341
341
341
339
349
339
348
343
344
347
340
348
340
348
346
343
348
340
349
346
347
344
348
351
340
350
342
350
349
344
353
346
355
347
352
351
346
355
350
368
362
365
373
375
372
349
352
342
342
344
339
347
338
346
342
346
347
340
354
346
417
594
475
240
183
249
263
333
358
354
361
358
370
364
370
374
370
376
369
381
373
380
385
384
395
392
407
402
413
419
419
430
420
422
405
388
372
350
346
328
330
322
320
325
318
320
313
320
318
319
326
319
329
322
327
328
324
334
323
334
329
333
334
328
338
326
335
331
330
331
328
335
328
335
330
331
333
328
337
328
333
329
330
337
329
336
329
334
335
330
335
329
338
334
338
337
335
340
331
340
333
346
352
348
362
362
361
342
337
332
322
332
323
329
325
324
329
325
333
324
336
335
352
520
536
310
158
204
235
288
341
337
344
342
344
348
347
354
351
357
355
360
363
360
369
365
375
373
381
393
393
406
399
411
409
406
400
377
363
337
332
320
310
313
304
311
302
308
308
304
311
305
313
308
314
316
312
320
312
320
312
316
319
313
321
312
320
314
316
319
314
321
315
320
316
318
321
313
323
317
324
320
318
325
319
327
321
325
321
320
330
322
327
321
324
327
332
343
335
351
352
354
341
331
334
316
327
321
323
325
319
329
324
330
328
329
334
328
407
547
392
245
202
236
247
304
339
351
350
348
359
352
361
360
362
365
362
371
366
379
375
382
387
387
400
400
413
414
418
424
416
419
396
383
365
347
341
329
332
323
327
321
322
329
322
330
324
329
332
329
337
329
336
332
336
337
333
339
330
338
330
334
335
330
340
330
339
333
334
337
328
340
335
338
334
333
338
334
346
336
343
343
343
346
340
350
344
351
351
349
354
345
354
347
350
349
347
355
344
353
346
349
352
348
355
344
354
356
365
368
370
384
374
367
354
350
348
338
346
337
345
343
343
351
341
353
345
350
357
458
602
410
217
201
252
284
341
366
356
370
364
369
374
370
376
371
378
378
383
385
386
397
390
399
400
405
415
411
426
419
427
423
415
409
381
368
346
339
329
322
326
318
322
317
321
321
317
325
317
325
320
324
324
319
328
320
327
324
324
327
320
329
320
325
322
322
322
316
325
316
325
321
317
322
316
323
315
320
320
317
323
315
324
318
320
320
318
323
315
321
320
322
321
315
325
316
324
320
319
323
316
324
316
325
322
318
323
319
325
315
321
317
318
323
312
321
315
320
320
316
322
315
321
315
320
321
313
320
316
321
314
318
319
315
324
316
332
333
334
344
345
349
327
324
315
309
315
305
318
311
317
314
313
319
313
322
316
364
540
448
263
184
231
237
285
331
333
340
335
348
344
348
352
347
356
350
361
360
364
369
364
377
374
385
388
391
403
400
408
403
407
399
383
372
348
346
328
327
323
316
322
312
322
316
319
321
317
327
317
327
325
329
333
326
336
329
335
331
331
333
327
336
330
337
333
328
334
328
335
330
336
336
332
340
333
342
334
338
339
333
341
332
341
336
340
342
335
341
334
345
339
338
341
336
346
336
344
341
341
347
341
349
340
344
343
342
345
338
347
340
347
345
340
349
340
351
341
347
355
359
366
361
376
366
355
351
343
344
332
339
333
336
339
332
342
334
343
338
341
364
501
570
338
198
217
245
294
337
357
347
355
356
357
365
357
369
362
370
372
368
377
371
383
381
387
392
392
406
402
415
412
414
415
404
399
370
359
344
334
330
319
325
313
320
315
315
321
313
324
316
324
323
322
328
322
331
325
330
330
328
334
324
332
326
331
331
325
333
322
332
327
328
331
327
334
327
332
329
329
334
328
335
328
334
331
333
338
332
341
334
337
337
333
339
331
340
333
337
336
332
340
331
340
334
337
338
332
341
333
339
336
337
341
333
345
336
341
340
337
341
334
340
337
352
353
350
362
360
359
340
337
331
323
329
319
330
325
325
326
322
332
323
334
333
393
574
445
223
161
230
249
311
340
332
344
339
347
349
350
357
349
361
355
361
361
361
370
363
378
376
385
387
388
403
398
409
401
401
394
373
362
336
332
317
314
314
305
312
302
307
304
305
309
303
316
308
317
314
314
320
309
320
314
319
318
316
323
315
323
319
322
319
316
325
317
324
318
324
323
319
328
318
326
320
322
326
319
328
318
328
325
323
327
322
330
322
329
326
328
330
321
332
323
329
326
326
333
324
332
327
331
332
328
334
322
331
326
333
333
328
337
337
352
346
354
361
351
348
330
331
320
319
322
316
324
314
322
320
323
326
322
330
344
510
492
288
204
202
243
272
330
342
338
350
344
354
350
355
359
358
367
361
371
368
374
381
380
391
385
401
403
409
417
412
423
414
413
391
371
363
342
339
326
331
325
320
327
321
327
320
329
327
323
336
329
340
333
336
339
336
342
335
343
340
338
342
339
344
337
346
341
342
346
338
346
340
348
342
340
348
341
347
340
346
345
342
350
343
350
344
349
348
342
351
341
351
345
348
348
344
351
341
349
347
348
353
346
352
345
348
346
346
347
342
350
340
348
346
345
350
347
365
357
365
375
369
360
347
347
332
336
336
334
340
331
338
335
336
342
337
345
347
491
576
362
189
195
247
283
342
350
347
354
350
360
356
361
360
361
369
366
375
369
377
379
379
391
385
398
395
406
413
410
420
409
412
393
375
361
340
335
319
322
313
313
315
306
318
310
318
315
316
321
312
322
314
322
322
318
326
319
327
318
325
326
322
324
314
325
317
320
321
319
330
318
326
322
322
328
320
330
323
328
324
325
329
320
331
324
332
327
327
334
324
332
326
332
332
329
337
327
335
329
332
333
328
337
327
333
329
333
333
327
335
326
332
328
329
333
324
333
325
339
343
346
351
353
364
343
337
328
320
329
318
325
318
323
324
322
326
319
332
325
338
461
545
361
209
204
241
259
317
336
339
333
347
344
345
351
346
357
350
360
362
362
368
365
380
375
385
390
394
404
401
414
410
415
411
395
384
358
355
337
334
328
323
331
319
326
321
325
327
321
329
322
332
330
332
334
328
339
330
337
331
332
336
327
335
327
334
331
327
335
325
334
327
331
330
329
335
328
337
330
333
334
331
340
329
335
331
334
336
329
340
330
336
333
335
338
331
340
331
337
334
335
337
331
339
332
338
337
337
344
336
347
346
357
358
361
372
356
354
340
333
333
328
332
322
333
331
332
335
331
341
332
343
363
531
515
293
206
221
252
288
334
351
345
357
350
361
357
357
366
356
369
364
371
374
372
384
379
392
394
400
404
408
421
416
427
415
410
400
376
369
347
347
340
334
334
324
334
327
334
334
330
340
332
340
336
341
344
340
347
338
347
344
347
346
342
349
340
350
343
341
343
341
349
341
348
340
343
348
339
349
344
349
345
345
347
342
350
344
349
344
344
353
343
349
342
349
345
341
348
341
348
343
342
347
338
342
340
346
337
341
346
337
345
334
346
342
350
358
354
366
364
362
346
341
336
326
332
321
328
328
327
332
323
337
329
336
337
358
538
532
299
164
214
243
294
342
336
345
345
347
348
346
356
349
359
355
360
363
362
376
367
376
379
382
391
391
406
402
411
410
405
401
378
367
340
333
323
313
313
302
312
302
306
307
304
313
303
311
306
309
311
306
316
309
319
313
315
316
312
319
310
317
309
309
314
306
314
305
311
310
309
314
307
317
311
314
312
309
316
307
315
308
317
313
310
318
312
322
311
315
317
313
321
310
318
313
315
318
315
324
317
323
320
322
325
317
326
320
328
325
323
328
321
330
322
328
329
336
344
336
353
354
344
335
328
326
316
323
316
320
323
317
327
319
328
324
327
332
389
571
424
236
184
230
248
296
335
333
341
341
342
348
342
353
344
353
355
353
364
357
366
366
371
375
379
392
389
401
398
403
406
400
399
375
363
342
333
328
315
320
307
314
311
312
316
310
324
315
320
320
318
326
320
329
320
327
326
322
327
318
328
324
326
326
321
327
319
329
326
328
329
325
334
326
331
332
334
336
328
338
329
335
335
334
338
331
341
335
340
340
336
344
337
343
337
342
339
338
343
338
346
341
342
345
339
347
337
349
342
344
359
356
366
365
375
361
350
350
337
341
332
339
335
335
341
336
344
340
345
341
343
373
522
553
321
202
224
248
300
344
363
358
363
365
362
374
366
373
368
373
377
373
384
378
390
391
391
401
400
412
410
423
422
422
424
409
405
378
367
351
336
337
326
333
327
328
329
322
331
324
336
331
335
338
332
341
333
342
337
341
343
335
345
336
344
339
338
342
335
346
336
342
342
340
344
335
344
336
343
339
336
341
334
343
336
340
342
336
345
336
342
336
339
341
333
343
332
340
336
337
341
334
343
331
338
335
335
337
331
342
333
338
337
335
343
334
343
338
339
341
339
348
348
357
352
363
368
351
348
332
335
325
326
327
322
333
322
330
329
330
331
330
339
376
574
498
251
169
220
251
307
347
342
340
351
347
357
351
357
358
358
366
362
372
369
375
377
377
389
383
396
396
404
410
407
415
404
402
381
363
351
330
328
312
315
310
309
311
303
312
305
311
309
309
313
307
320
314
321
320
318
324
316
324
317
322
323
315
324
317
324
317
319
321
316
325
316
326
322
324
327
321
332
322
330
329
331
336
329
336
332
339
336
335
342
333
341
334
338
338
336
344
335
342
337
339
341
336
343
335
340
338
337
342
337
344
336
343
337
336
342
337
348
347
358
354
358
372
349
346
333
332
328
321
331
325
331
324
330
330
326
333
327
339
397
567
425
249
211
234
256
296
337
351
343
350
345
354
355
352
357
356
365
354
364
364
364
374
372
384
379
388
393
396
410
403
410
400
398
383
359
352
333
332
319
322
323
313
322
314
326
324
322
326
323
330
320
328
326
326
329
323
331
325
332
326
324
329
327
333
323
328
328
325
331
323
333
330
332
332
328
336
329
336
330
336
336
331
340
330
336
330
335
339
332
339
330
339
333
332
337
335
351
347
357
361
358
347
330
333
318
325
324
320
328
320
329
324
329
330
325
336
329
374
540
468
278
217
230
243
282
330
347
349
346
358
349
357
356
357
362
359
372
362
370
371
373
384
377
393
394
403
407
409
418
411
417
403
389
370
351
351
332
335
327
328
333
327
336
327
333
330
331
336
329
336
332
338
336
338
344
339
347
342
346
345
343
346
336
347
341
344
343
337
344
341
344
340
347
346
344
350
340
348
343
348
348
342
352
341
351
344
345
349
341
352
342
349
346
345
349
343
348
339
349
344
346
359
356
367
366
376
361
345
349
334
340
328
330
331
326
336
328
337
332
335
340
338
396
576
502
244
168
231
245
317
340
346
346
345
352
348
358
353
362
360
358
364
360
370
367
375
378
382
392
390
402
402
411
413
407
416
397
388
365
350
340
324
327
314
318
311
314
319
313
321
311
319
315
316
320
316
326
320
324
323
322
330
323
332
327
331
330
326
333
324
333
327
331
330
324
334
325
333
327
329
333
327
336
327
336
331
329
333
327
337
328
335
331
332
336
326
337
328
335
331
330
338
327
338
328
332
334
330
336
327
336
332
346
351
342
359
357
356
337
334
331
321
330
317
326
320
321
327
322
332
324
332
333
351
511
518
312
186
210
235
273
330
336
344
337
344
349
349
356
351
361
355
361
364
358
373
365
373
371
380
385
388
401
394
408
403
402
401
380
371
345
340
327
319
323
313
317
309
315
314
315
320
312
323
316
325
323
317
328
321
330
323
324
325
318
329
322
327
320
323
325
319
331
321
326
322
326
328
321
330
325
330
327
329
336
325
332
323
329
330
328
332
326
335
327
334
333
324
339
339
349
346
360
366
343
341
329
330
322
326
326
316
328
323
328
326
327
335
328
334
340
439
545
349
259
219
249
250
304
341
346
352
345
359
354
360
360
358
368
359
371
368
373
375
372
385
379
393
391
400
408
407
417
404
408
391
373
360
341
341
328
329
325
322
328
320
328
321
328
329
328
334
325
336
331
334
336
333
337
327
337
332
332
335
329
336
328
335
330
331
333
324
334
327
335
330
327
335
329
337
330
335
335
334
338
332
341
333
338
337
337
343
335
345
337
341
342
343
361
357
368
366
370
357
341
347
332
337
332
332
334
328
337
331
338
337
337
342
339
365
507
596
361
188
219
230
292
337
352
349
349
359
354
364
359
366
367
363
372
366
377
373
379
385
384
396
392
408
408
410
416
413
419
402
395
374
356
349
333
334
320
324
322
318
325
316
326
319
324
324
322
330
321
332
325
330
332
327
335
326
335
329
332
334
330
338
327
335
330
329
335
327
335
327
333
331
331
336
331
339
330
336
335
334
340
331
341
332
338
336
332
342
332
340
334
337
338
334
339
331
339
338
339
341
335
340
331
341
336
337
349
350
357
356
367
355
341
342
330
332
323
328
327
324
330
321
332
326
330
328
330
346
436
594
400
187
192
229
274
320
341
334
341
345
341
352
348
357
354
357
359
356
365
361
372
371
375
384
383
395
396
408
409
408
414
402
397
371
363
347
333
331
318
325
316
318
317
315
324
314
322
319
321
327
322
330
320
329
325
326
332
326
333
326
335
330
330
334
325
333
326
333
329
328
335
329
336
325
331
328
328
335
327
332
327
332
332
329
332
323
335
330
330
331
331
339
328
334
332
331
334
329
340
331
336
333
331
339
332
338
330
338
336
338
349
346
359
360
367
360
345
349
345
352
347
347
347
341
347
339
349
343
344
342
335
362
487
532
318
245
225
249
270
317
346
346
345
352
348
358
353
361
360
358
365
358
368
365
372
374
374
385
380
391
392
398
402
397
405
392
388
368
352
341
328
330
318
322
317
317
319
312
325
318
324
322
323
329
323
333
326
334
335
329
334
329
335
329
331
329
327
333
324
330
325
328
329
324
332
324
332
328
329
333
325
333
326
334
330
331
334
329
338
330
337
333
330
335
328
338
330
335
334
331
340
332
339
334
339
338
335
341
334
344
352
360
361
364
374
355
348
337
330
330
323
330
325
332
328
330
336
329
337
330
338
366
544
620
348
191
222
246
302
340
351
343
354
348
355
357
356
364
355
365
363
368
371
367
378
373
384
383
387
393
392
403
396
402
397
391
382
359
351
332
331
323
316
319
311
319
311
318
316
316
323
317
326
321
325
325
323
330
323
332
325
329
332
326
331
326
336
332
334
336
329
336
328
337
332
336
339
332
343
334
340
336
335
342
334
341
334
341
339
337
342
335
343
337
342
340
340
345
335
347
339
342
343
338
346
337
344
338
341
343
338
346
346
363
358
362
373
363
355
340
343
333
332
335
326
336
327
333
333
333
341
334
339
340
452
607
421
217
198
241
272
333
350
343
350
344
356
351
356
361
353
365
358
367
364
366
374
372
381
378
391
393
396
404
401
411
403
402
391
373
364
341
338
327
323
322
317
320
312
320
318
319
319
318
327
317
328
324
324
327
323
334
327
332
330
326
330
323
328
321
329
323
322
331
327
336
327
329
328
327
333
324
335
329
332
333
328
332
326
333
325
329
334
331
336
330
337
335
338
341
333
342
335
341
336
336
342
336
344
339
353
356
353
363
364
369
349
344
337
330
336
326
335
330
333
331
328
340
331
339
335
353
471
539
342
241
220
251
262
318
344
353
348
356
352
356
360
353
365
359
367
365
365
374
369
382
379
387
389
391
402
399
409
404
409
404
388
379
352
348
335
332
327
320
327
319
325
323
324
327
322
331
323
328
326
327
332
327
336
327
334
332
332
336
328
337
331
333
332
330
336
325
333
326
331
330
328
336
326
334
328
333
333
328
336
325
335
330
329
333
328
338
329
337
335
336
340
334
343
334
341
338
336
341
336
346
348
362
361
365
376
362
356
341
338
335
332
336
326
333
331
335
336
333
341
333
340
362
535
583
334
197
218
245
296
343
353
345
356
351
360
358
359
365
362
367
362
371
369
372
382
375
387
385
394
399
400
411
403
415
407
400
387
367
356
337
334
325
323
321
313
320
314
324
316
317
323
319
328
322
328
323
323
329
322
326
323
329
329
328
332
323
330
324
327
323
320
326
319
329
323
326
328
321
329
320
327
322
323
326
322
330
321
329
324
325
327
321
331
325
330
327
328
332
324
335
330
334
341
347
356
355
369
355
346
339
330
330
323
331
325
328
328
325
332
325
334
331
333
367
533
507
291
211
218
246
288
332
351
344
351
351
351
357
350
361
353
360
362
362
369
365
376
374
381
384
388
398
396
406
404
407
405
392
383
358
351
334
328
327
317
325
314
319
317
316
320
315
322
318
323
322
323
329
321
331
324
329
327
324
333
324
333
326
329
329
325
332
323
329
324
326
329
323
331
322
330
325
328
331
327
337
327
333
331
332
336
329
339
330
334
333
330
335
328
334
329
334
338
345
357
348
364
361
353
340
332
334
321
328
323
324
328
323
330
326
333
328
330
337
374
569
495
265
181
223
246
298
345
338
346
346
346
357
352
360
355
361
363
361
369
366
374
372
380
383
385
398
392
406
405
409
413
407
402
377
365
350
342
336
323
328
320
323
319
320
327
323
330
324
331
332
330
338
332
341
337
339
339
338
345
336
343
337
339
338
335
340
331
335
329
332
333
329
335
330
337
333
333
338
330
340
335
339
338
336
342
337
343
339
341
341
337
345
336
345
340
348
357
359
369
366
376
354
347
345
331
337
329
333
329
331
332
328
337
331
335
332
336
403
593
491
251
198
230
244
313
341
349
341
351
355
353
358
352
362
357
362
364
362
370
368
375
373
380
389
387
400
396
404
400
403
400
384
372
348
339
328
323
321
315
315
310
314
311
314
318
312
322
316
324
325
320
327
323
328
322
324
328
323
326
319
328
322
322
319
316
324
